# JRE version: OpenJDK Runtime Environment (8.0_76-b03) (build 1.8.0_76-release-b03)
# Java VM: OpenJDK 64-Bit Server VM (25.76-b03 mixed mode linux-amd64 compressed oops)
Heap:
 PSYoungGen      total 570368K, used 62558K [0x00000000d5580000, 0x0000000100000000, 0x0000000100000000)
  eden space 463360K, 0% used [0x00000000d5580000,0x00000000d5580000,0x00000000f1a00000)
  from space 107008K, 58% used [0x00000000f9780000,0x00000000fd497bf0,0x0000000100000000)
  to   space 117760K, 0% used [0x00000000f1a00000,0x00000000f1a00000,0x00000000f8d00000)
 ParOldGen       total 499200K, used 498853K [0x0000000080000000, 0x000000009e780000, 0x00000000d5580000)
  object space 499200K, 99% used [0x0000000080000000,0x000000009e729470,0x000000009e780000)
 Metaspace       used 6398K, capacity 7280K, committed 7552K, reserved 1056768K
  class space    used 582K, capacity 616K, committed 640K, reserved 1048576K
GC Heap History (10 events):
Event: 71.973 GC heap after
Heap after GC invocations=22 (full 5):
 PSYoungGen      total 520704K, used 61643K [0x00000000d5580000, 0x0000000100000000, 0x0000000100000000)
  eden space 439808K, 0% used [0x00000000d5580000,0x00000000d5580000,0x00000000f0300000)
  from space 80896K, 76% used [0x00000000f0300000,0x00000000f3f32f78,0x00000000f5200000)
  to   space 91648K, 0% used [0x00000000fa680000,0x00000000fa680000,0x0000000100000000)
 ParOldGen       total 377344K, used 276261K [0x0000000080000000, 0x0000000097080000, 0x00000000d5580000)
  object space 377344K, 73% used [0x0000000080000000,0x0000000090dc9688,0x0000000097080000)
 Metaspace       used 6389K, capacity 7280K, committed 7552K, reserved 1056768K
  class space    used 582K, capacity 616K, committed 640K, reserved 1048576K
}
Event: 82.914 GC heap before
{Heap before GC invocations=23 (full 5):
 PSYoungGen      total 520704K, used 501451K [0x00000000d5580000, 0x0000000100000000, 0x0000000100000000)
  eden space 439808K, 100% used [0x00000000d5580000,0x00000000f0300000,0x00000000f0300000)
  from space 80896K, 76% used [0x00000000f0300000,0x00000000f3f32f78,0x00000000f5200000)
  to   space 91648K, 0% used [0x00000000fa680000,0x00000000fa680000,0x0000000100000000)
 ParOldGen       total 377344K, used 276261K [0x0000000080000000, 0x0000000097080000, 0x00000000d5580000)
  object space 377344K, 73% used [0x0000000080000000,0x0000000090dc9688,0x0000000097080000)
 Metaspace       used 6396K, capacity 7280K, committed 7552K, reserved 1056768K
  class space    used 582K, capacity 616K, committed 640K, reserved 1048576K
Event: 95.068 GC heap after
Heap after GC invocations=23 (full 5):
 PSYoungGen      total 595968K, used 64418K [0x00000000d5580000, 0x0000000100000000, 0x0000000100000000)
  eden space 504320K, 0% used [0x00000000d5580000,0x00000000d5580000,0x00000000f4200000)
  from space 91648K, 70% used [0x00000000fa680000,0x00000000fe568988,0x0000000100000000)
  to   space 97280K, 0% used [0x00000000f4200000,0x00000000f4200000,0x00000000fa100000)
 ParOldGen       total 377344K, used 335949K [0x0000000080000000, 0x0000000097080000, 0x00000000d5580000)
  object space 377344K, 89% used [0x0000000080000000,0x0000000094813610,0x0000000097080000)
 Metaspace       used 6396K, capacity 7280K, committed 7552K, reserved 1056768K
  class space    used 582K, capacity 616K, committed 640K, reserved 1048576K
}
Event: 95.068 GC heap before
{Heap before GC invocations=24 (full 6):
 PSYoungGen      total 595968K, used 64418K [0x00000000d5580000, 0x0000000100000000, 0x0000000100000000)
  eden space 504320K, 0% used [0x00000000d5580000,0x00000000d5580000,0x00000000f4200000)
  from space 91648K, 70% used [0x00000000fa680000,0x00000000fe568988,0x0000000100000000)
  to   space 97280K, 0% used [0x00000000f4200000,0x00000000f4200000,0x00000000fa100000)
 ParOldGen       total 377344K, used 335949K [0x0000000080000000, 0x0000000097080000, 0x00000000d5580000)
  object space 377344K, 89% used [0x0000000080000000,0x0000000094813610,0x0000000097080000)
 Metaspace       used 6396K, capacity 7280K, committed 7552K, reserved 1056768K
  class space    used 582K, capacity 616K, committed 640K, reserved 1048576K
Event: 100.640 GC heap after
Heap after GC invocations=24 (full 6):
 PSYoungGen      total 595968K, used 22146K [0x00000000d5580000, 0x0000000100000000, 0x0000000100000000)
  eden space 504320K, 0% used [0x00000000d5580000,0x00000000d5580000,0x00000000f4200000)
  from space 91648K, 24% used [0x00000000fa680000,0x00000000fbc209e0,0x0000000100000000)
  to   space 97280K, 0% used [0x00000000f4200000,0x00000000f4200000,0x00000000fa100000)
 ParOldGen       total 499200K, used 377137K [0x0000000080000000, 0x000000009e780000, 0x00000000d5580000)
  object space 499200K, 75% used [0x0000000080000000,0x000000009704c588,0x000000009e780000)
 Metaspace       used 6396K, capacity 7280K, committed 7552K, reserved 1056768K
  class space    used 582K, capacity 616K, committed 640K, reserved 1048576K
}
Event: 123.225 GC heap before
{Heap before GC invocations=25 (full 6):
 PSYoungGen      total 595968K, used 526466K [0x00000000d5580000, 0x0000000100000000, 0x0000000100000000)
  eden space 504320K, 100% used [0x00000000d5580000,0x00000000f4200000,0x00000000f4200000)
  from space 91648K, 24% used [0x00000000fa680000,0x00000000fbc209e0,0x0000000100000000)
  to   space 97280K, 0% used [0x00000000f4200000,0x00000000f4200000,0x00000000fa100000)
 ParOldGen       total 499200K, used 377137K [0x0000000080000000, 0x000000009e780000, 0x00000000d5580000)
  object space 499200K, 75% used [0x0000000080000000,0x000000009704c588,0x000000009e780000)
 Metaspace       used 6397K, capacity 7280K, committed 7552K, reserved 1056768K
  class space    used 582K, capacity 616K, committed 640K, reserved 1048576K
Event: 146.832 GC heap after
Heap after GC invocations=25 (full 6):
 PSYoungGen      total 584704K, used 79999K [0x00000000d5580000, 0x0000000100000000, 0x0000000100000000)
  eden space 504320K, 0% used [0x00000000d5580000,0x00000000d5580000,0x00000000f4200000)
  from space 80384K, 99% used [0x00000000f4200000,0x00000000f901fc90,0x00000000f9080000)
  to   space 107008K, 0% used [0x00000000f9780000,0x00000000f9780000,0x0000000100000000)
 ParOldGen       total 499200K, used 397584K [0x0000000080000000, 0x000000009e780000, 0x00000000d5580000)
  object space 499200K, 79% used [0x0000000080000000,0x0000000098444378,0x000000009e780000)
 Metaspace       used 6397K, capacity 7280K, committed 7552K, reserved 1056768K
  class space    used 582K, capacity 616K, committed 640K, reserved 1048576K
}
Event: 172.550 GC heap before
{Heap before GC invocations=26 (full 6):
 PSYoungGen      total 584704K, used 584319K [0x00000000d5580000, 0x0000000100000000, 0x0000000100000000)
  eden space 504320K, 100% used [0x00000000d5580000,0x00000000f4200000,0x00000000f4200000)
  from space 80384K, 99% used [0x00000000f4200000,0x00000000f901fc90,0x00000000f9080000)
  to   space 107008K, 0% used [0x00000000f9780000,0x00000000f9780000,0x0000000100000000)
 ParOldGen       total 499200K, used 397584K [0x0000000080000000, 0x000000009e780000, 0x00000000d5580000)
  object space 499200K, 79% used [0x0000000080000000,0x0000000098444378,0x000000009e780000)
 Metaspace       used 6398K, capacity 7280K, committed 7552K, reserved 1056768K
  class space    used 582K, capacity 616K, committed 640K, reserved 1048576K
Event: 183.256 GC heap after
Heap after GC invocations=26 (full 6):
 PSYoungGen      total 570368K, used 88524K [0x00000000d5580000, 0x0000000100000000, 0x0000000100000000)
  eden space 463360K, 0% used [0x00000000d5580000,0x00000000d5580000,0x00000000f1a00000)
  from space 107008K, 82% used [0x00000000f9780000,0x00000000fedf31b0,0x0000000100000000)
  to   space 117760K, 0% used [0x00000000f1a00000,0x00000000f1a00000,0x00000000f8d00000)
 ParOldGen       total 499200K, used 474800K [0x0000000080000000, 0x000000009e780000, 0x00000000d5580000)
  object space 499200K, 95% used [0x0000000080000000,0x000000009cfac398,0x000000009e780000)
 Metaspace       used 6398K, capacity 7280K, committed 7552K, reserved 1056768K
  class space    used 582K, capacity 616K, committed 640K, reserved 1048576K
}
Event: 183.287 GC heap before
{Heap before GC invocations=27 (full 7):
 PSYoungGen      total 570368K, used 88524K [0x00000000d5580000, 0x0000000100000000, 0x0000000100000000)
  eden space 463360K, 0% used [0x00000000d5580000,0x00000000d5580000,0x00000000f1a00000)
  from space 107008K, 82% used [0x00000000f9780000,0x00000000fedf31b0,0x0000000100000000)
  to   space 117760K, 0% used [0x00000000f1a00000,0x00000000f1a00000,0x00000000f8d00000)
 ParOldGen       total 499200K, used 474800K [0x0000000080000000, 0x000000009e780000, 0x00000000d5580000)
  object space 499200K, 95% used [0x0000000080000000,0x000000009cfac398,0x000000009e780000)
 Metaspace       used 6398K, capacity 7280K, committed 7552K, reserved 1056768K
  class space    used 582K, capacity 616K, committed 640K, reserved 1048576K

