# JRE version: OpenJDK Runtime Environment (8.0_76-b03) (build 1.8.0_76-release-b03)
# Java VM: OpenJDK 64-Bit Server VM (25.76-b03 mixed mode linux-amd64 compressed oops)
Heap:
 PSYoungGen      total 573952K, used 25898K [0x00000000d5580000, 0x0000000100000000, 0x0000000100000000)
  eden space 465408K, 0% used [0x00000000d5580000,0x00000000d5580000,0x00000000f1c00000)
  from space 108544K, 23% used [0x00000000f9600000,0x00000000faf4aa10,0x0000000100000000)
  to   space 116736K, 0% used [0x00000000f1c00000,0x00000000f1c00000,0x00000000f8e00000)
 ParOldGen       total 680448K, used 680264K [0x0000000080000000, 0x00000000a9880000, 0x00000000d5580000)
  object space 680448K, 99% used [0x0000000080000000,0x00000000a9852228,0x00000000a9880000)
 Metaspace       used 6724K, capacity 7536K, committed 7808K, reserved 1056768K
  class space    used 600K, capacity 616K, committed 640K, reserved 1048576K
GC Heap History (10 events):
Event: 100.797 GC heap after
Heap after GC invocations=26 (full 5):
 PSYoungGen      total 529408K, used 73892K [0x00000000d5580000, 0x0000000100000000, 0x0000000100000000)
  eden space 444928K, 0% used [0x00000000d5580000,0x00000000d5580000,0x00000000f0800000)
  from space 84480K, 87% used [0x00000000f0800000,0x00000000f5029358,0x00000000f5a80000)
  to   space 94208K, 0% used [0x00000000fa400000,0x00000000fa400000,0x0000000100000000)
 ParOldGen       total 508416K, used 428052K [0x0000000080000000, 0x000000009f080000, 0x00000000d5580000)
  object space 508416K, 84% used [0x0000000080000000,0x000000009a205068,0x000000009f080000)
 Metaspace       used 6391K, capacity 7280K, committed 7552K, reserved 1056768K
  class space    used 582K, capacity 616K, committed 640K, reserved 1048576K
}
Event: 104.751 GC heap before
{Heap before GC invocations=27 (full 5):
 PSYoungGen      total 529408K, used 518820K [0x00000000d5580000, 0x0000000100000000, 0x0000000100000000)
  eden space 444928K, 100% used [0x00000000d5580000,0x00000000f0800000,0x00000000f0800000)
  from space 84480K, 87% used [0x00000000f0800000,0x00000000f5029358,0x00000000f5a80000)
  to   space 94208K, 0% used [0x00000000fa400000,0x00000000fa400000,0x0000000100000000)
 ParOldGen       total 508416K, used 428052K [0x0000000080000000, 0x000000009f080000, 0x00000000d5580000)
  object space 508416K, 84% used [0x0000000080000000,0x000000009a205068,0x000000009f080000)
 Metaspace       used 6395K, capacity 7280K, committed 7552K, reserved 1056768K
  class space    used 582K, capacity 616K, committed 640K, reserved 1048576K
Event: 112.874 GC heap after
Heap after GC invocations=27 (full 5):
 PSYoungGen      total 588288K, used 76450K [0x00000000d5580000, 0x0000000100000000, 0x0000000100000000)
  eden space 494080K, 0% used [0x00000000d5580000,0x00000000d5580000,0x00000000f3800000)
  from space 94208K, 81% used [0x00000000fa400000,0x00000000feea88b0,0x0000000100000000)
  to   space 102400K, 0% used [0x00000000f3800000,0x00000000f3800000,0x00000000f9c00000)
 ParOldGen       total 508416K, used 498784K [0x0000000080000000, 0x000000009f080000, 0x00000000d5580000)
  object space 508416K, 98% used [0x0000000080000000,0x000000009e718128,0x000000009f080000)
 Metaspace       used 6395K, capacity 7280K, committed 7552K, reserved 1056768K
  class space    used 582K, capacity 616K, committed 640K, reserved 1048576K
}
Event: 112.874 GC heap before
{Heap before GC invocations=28 (full 6):
 PSYoungGen      total 588288K, used 76450K [0x00000000d5580000, 0x0000000100000000, 0x0000000100000000)
  eden space 494080K, 0% used [0x00000000d5580000,0x00000000d5580000,0x00000000f3800000)
  from space 94208K, 81% used [0x00000000fa400000,0x00000000feea88b0,0x0000000100000000)
  to   space 102400K, 0% used [0x00000000f3800000,0x00000000f3800000,0x00000000f9c00000)
 ParOldGen       total 508416K, used 498784K [0x0000000080000000, 0x000000009f080000, 0x00000000d5580000)
  object space 508416K, 98% used [0x0000000080000000,0x000000009e718128,0x000000009f080000)
 Metaspace       used 6395K, capacity 7280K, committed 7552K, reserved 1056768K
  class space    used 582K, capacity 616K, committed 640K, reserved 1048576K
Event: 116.740 GC heap after
Heap after GC invocations=28 (full 6):
 PSYoungGen      total 588288K, used 64842K [0x00000000d5580000, 0x0000000100000000, 0x0000000100000000)
  eden space 494080K, 0% used [0x00000000d5580000,0x00000000d5580000,0x00000000f3800000)
  from space 94208K, 68% used [0x00000000fa400000,0x00000000fe352b90,0x0000000100000000)
  to   space 102400K, 0% used [0x00000000f3800000,0x00000000f3800000,0x00000000f9c00000)
 ParOldGen       total 680448K, used 508194K [0x0000000080000000, 0x00000000a9880000, 0x00000000d5580000)
  object space 680448K, 74% used [0x0000000080000000,0x000000009f048bb0,0x00000000a9880000)
 Metaspace       used 6395K, capacity 7280K, committed 7552K, reserved 1056768K
  class space    used 582K, capacity 616K, committed 640K, reserved 1048576K
}
Event: 128.154 GC heap before
{Heap before GC invocations=29 (full 6):
 PSYoungGen      total 588288K, used 558922K [0x00000000d5580000, 0x0000000100000000, 0x0000000100000000)
  eden space 494080K, 100% used [0x00000000d5580000,0x00000000f3800000,0x00000000f3800000)
  from space 94208K, 68% used [0x00000000fa400000,0x00000000fe352b90,0x0000000100000000)
  to   space 102400K, 0% used [0x00000000f3800000,0x00000000f3800000,0x00000000f9c00000)
 ParOldGen       total 680448K, used 508194K [0x0000000080000000, 0x00000000a9880000, 0x00000000d5580000)
  object space 680448K, 74% used [0x0000000080000000,0x000000009f048bb0,0x00000000a9880000)
 Metaspace       used 6464K, capacity 7344K, committed 7552K, reserved 1056768K
  class space    used 586K, capacity 616K, committed 640K, reserved 1048576K
Event: 132.185 GC heap after
Heap after GC invocations=29 (full 6):
 PSYoungGen      total 569856K, used 75287K [0x00000000d5580000, 0x0000000100000000, 0x0000000100000000)
  eden space 494080K, 0% used [0x00000000d5580000,0x00000000d5580000,0x00000000f3800000)
  from space 75776K, 99% used [0x00000000f3800000,0x00000000f8185fc8,0x00000000f8200000)
  to   space 108544K, 0% used [0x00000000f9600000,0x00000000f9600000,0x0000000100000000)
 ParOldGen       total 680448K, used 569446K [0x0000000080000000, 0x00000000a9880000, 0x00000000d5580000)
  object space 680448K, 83% used [0x0000000080000000,0x00000000a2c19bc0,0x00000000a9880000)
 Metaspace       used 6464K, capacity 7344K, committed 7552K, reserved 1056768K
  class space    used 586K, capacity 616K, committed 640K, reserved 1048576K
}
Event: 141.000 GC heap before
{Heap before GC invocations=30 (full 6):
 PSYoungGen      total 569856K, used 569367K [0x00000000d5580000, 0x0000000100000000, 0x0000000100000000)
  eden space 494080K, 100% used [0x00000000d5580000,0x00000000f3800000,0x00000000f3800000)
  from space 75776K, 99% used [0x00000000f3800000,0x00000000f8185fc8,0x00000000f8200000)
  to   space 108544K, 0% used [0x00000000f9600000,0x00000000f9600000,0x0000000100000000)
 ParOldGen       total 680448K, used 569446K [0x0000000080000000, 0x00000000a9880000, 0x00000000d5580000)
  object space 680448K, 83% used [0x0000000080000000,0x00000000a2c19bc0,0x00000000a9880000)
 Metaspace       used 6724K, capacity 7536K, committed 7808K, reserved 1056768K
  class space    used 600K, capacity 616K, committed 640K, reserved 1048576K
Event: 141.670 GC heap after
Heap after GC invocations=30 (full 6):
 PSYoungGen      total 573952K, used 84202K [0x00000000d5580000, 0x0000000100000000, 0x0000000100000000)
  eden space 465408K, 0% used [0x00000000d5580000,0x00000000d5580000,0x00000000f1c00000)
  from space 108544K, 77% used [0x00000000f9600000,0x00000000fe83a890,0x0000000100000000)
  to   space 116736K, 0% used [0x00000000f1c00000,0x00000000f1c00000,0x00000000f8e00000)
 ParOldGen       total 680448K, used 641660K [0x0000000080000000, 0x00000000a9880000, 0x00000000d5580000)
  object space 680448K, 94% used [0x0000000080000000,0x00000000a729f118,0x00000000a9880000)
 Metaspace       used 6724K, capacity 7536K, committed 7808K, reserved 1056768K
  class space    used 600K, capacity 616K, committed 640K, reserved 1048576K
}
Event: 141.670 GC heap before
{Heap before GC invocations=31 (full 7):
 PSYoungGen      total 573952K, used 84202K [0x00000000d5580000, 0x0000000100000000, 0x0000000100000000)
  eden space 465408K, 0% used [0x00000000d5580000,0x00000000d5580000,0x00000000f1c00000)
  from space 108544K, 77% used [0x00000000f9600000,0x00000000fe83a890,0x0000000100000000)
  to   space 116736K, 0% used [0x00000000f1c00000,0x00000000f1c00000,0x00000000f8e00000)
 ParOldGen       total 680448K, used 641660K [0x0000000080000000, 0x00000000a9880000, 0x00000000d5580000)
  object space 680448K, 94% used [0x0000000080000000,0x00000000a729f118,0x00000000a9880000)
 Metaspace       used 6724K, capacity 7536K, committed 7808K, reserved 1056768K
  class space    used 600K, capacity 616K, committed 640K, reserved 1048576K

