# JRE version: OpenJDK Runtime Environment (8.0_76-b03) (build 1.8.0_76-release-b03)
# Java VM: OpenJDK 64-Bit Server VM (25.76-b03 mixed mode linux-amd64 compressed oops)
Heap:
 PSYoungGen      total 558080K, used 52196K [0x00000000d5580000, 0x0000000100000000, 0x0000000100000000)
  eden space 440320K, 0% used [0x00000000d5580000,0x00000000d5580000,0x00000000f0380000)
  from space 117760K, 44% used [0x00000000f0380000,0x00000000f3679080,0x00000000f7680000)
  to   space 122368K, 0% used [0x00000000f8880000,0x00000000f8880000,0x0000000100000000)
 ParOldGen       total 495104K, used 494751K [0x0000000080000000, 0x000000009e380000, 0x00000000d5580000)
  object space 495104K, 99% used [0x0000000080000000,0x000000009e327c40,0x000000009e380000)
 Metaspace       used 6402K, capacity 7280K, committed 7552K, reserved 1056768K
  class space    used 582K, capacity 616K, committed 640K, reserved 1048576K
GC Heap History (10 events):
Event: 91.304 GC heap after
Heap after GC invocations=22 (full 4):
 PSYoungGen      total 479232K, used 59407K [0x00000000d5580000, 0x00000000fa200000, 0x0000000100000000)
  eden space 393216K, 0% used [0x00000000d5580000,0x00000000d5580000,0x00000000ed580000)
  from space 86016K, 69% used [0x00000000f2e80000,0x00000000f6883da8,0x00000000f8280000)
  to   space 91136K, 0% used [0x00000000ed580000,0x00000000ed580000,0x00000000f2e80000)
 ParOldGen       total 347136K, used 304581K [0x0000000080000000, 0x0000000095300000, 0x00000000d5580000)
  object space 347136K, 87% used [0x0000000080000000,0x00000000929714b0,0x0000000095300000)
 Metaspace       used 6399K, capacity 7280K, committed 7552K, reserved 1056768K
  class space    used 582K, capacity 616K, committed 640K, reserved 1048576K
}
Event: 91.304 GC heap before
{Heap before GC invocations=23 (full 5):
 PSYoungGen      total 479232K, used 59407K [0x00000000d5580000, 0x00000000fa200000, 0x0000000100000000)
  eden space 393216K, 0% used [0x00000000d5580000,0x00000000d5580000,0x00000000ed580000)
  from space 86016K, 69% used [0x00000000f2e80000,0x00000000f6883da8,0x00000000f8280000)
  to   space 91136K, 0% used [0x00000000ed580000,0x00000000ed580000,0x00000000f2e80000)
 ParOldGen       total 347136K, used 304581K [0x0000000080000000, 0x0000000095300000, 0x00000000d5580000)
  object space 347136K, 87% used [0x0000000080000000,0x00000000929714b0,0x0000000095300000)
 Metaspace       used 6399K, capacity 7280K, committed 7552K, reserved 1056768K
  class space    used 582K, capacity 616K, committed 640K, reserved 1048576K
Event: 97.979 GC heap after
Heap after GC invocations=23 (full 5):
 PSYoungGen      total 479232K, used 13071K [0x00000000d5580000, 0x00000000fa200000, 0x0000000100000000)
  eden space 393216K, 0% used [0x00000000d5580000,0x00000000d5580000,0x00000000ed580000)
  from space 86016K, 15% used [0x00000000f2e80000,0x00000000f3b43e48,0x00000000f8280000)
  to   space 91136K, 0% used [0x00000000ed580000,0x00000000ed580000,0x00000000f2e80000)
 ParOldGen       total 495104K, used 346684K [0x0000000080000000, 0x000000009e380000, 0x00000000d5580000)
  object space 495104K, 70% used [0x0000000080000000,0x000000009528f3f8,0x000000009e380000)
 Metaspace       used 6399K, capacity 7280K, committed 7552K, reserved 1056768K
  class space    used 582K, capacity 616K, committed 640K, reserved 1048576K
}
Event: 104.797 GC heap before
{Heap before GC invocations=24 (full 5):
 PSYoungGen      total 479232K, used 406287K [0x00000000d5580000, 0x00000000fa200000, 0x0000000100000000)
  eden space 393216K, 100% used [0x00000000d5580000,0x00000000ed580000,0x00000000ed580000)
  from space 86016K, 15% used [0x00000000f2e80000,0x00000000f3b43e48,0x00000000f8280000)
  to   space 91136K, 0% used [0x00000000ed580000,0x00000000ed580000,0x00000000f2e80000)
 ParOldGen       total 495104K, used 346684K [0x0000000080000000, 0x000000009e380000, 0x00000000d5580000)
  object space 495104K, 70% used [0x0000000080000000,0x000000009528f3f8,0x000000009e380000)
 Metaspace       used 6400K, capacity 7280K, committed 7552K, reserved 1056768K
  class space    used 582K, capacity 616K, committed 640K, reserved 1048576K
Event: 105.011 GC heap after
Heap after GC invocations=24 (full 5):
 PSYoungGen      total 484352K, used 57660K [0x00000000d5580000, 0x00000000fd200000, 0x0000000100000000)
  eden space 393216K, 0% used [0x00000000d5580000,0x00000000d5580000,0x00000000ed580000)
  from space 91136K, 63% used [0x00000000ed580000,0x00000000f0dcf390,0x00000000f2e80000)
  to   space 93696K, 0% used [0x00000000f7680000,0x00000000f7680000,0x00000000fd200000)
 ParOldGen       total 495104K, used 358078K [0x0000000080000000, 0x000000009e380000, 0x00000000d5580000)
  object space 495104K, 72% used [0x0000000080000000,0x0000000095daf968,0x000000009e380000)
 Metaspace       used 6400K, capacity 7280K, committed 7552K, reserved 1056768K
  class space    used 582K, capacity 616K, committed 640K, reserved 1048576K
}
Event: 110.036 GC heap before
{Heap before GC invocations=25 (full 5):
 PSYoungGen      total 484352K, used 450876K [0x00000000d5580000, 0x00000000fd200000, 0x0000000100000000)
  eden space 393216K, 100% used [0x00000000d5580000,0x00000000ed580000,0x00000000ed580000)
  from space 91136K, 63% used [0x00000000ed580000,0x00000000f0dcf390,0x00000000f2e80000)
  to   space 93696K, 0% used [0x00000000f7680000,0x00000000f7680000,0x00000000fd200000)
 ParOldGen       total 495104K, used 358078K [0x0000000080000000, 0x000000009e380000, 0x00000000d5580000)
  object space 495104K, 72% used [0x0000000080000000,0x0000000095daf968,0x000000009e380000)
 Metaspace       used 6401K, capacity 7280K, committed 7552K, reserved 1056768K
  class space    used 582K, capacity 616K, committed 640K, reserved 1048576K
Event: 118.813 GC heap after
Heap after GC invocations=25 (full 5):
 PSYoungGen      total 534016K, used 93695K [0x00000000d5580000, 0x0000000100000000, 0x0000000100000000)
  eden space 440320K, 0% used [0x00000000d5580000,0x00000000d5580000,0x00000000f0380000)
  from space 93696K, 99% used [0x00000000f7680000,0x00000000fd1ffc30,0x00000000fd200000)
  to   space 117760K, 0% used [0x00000000f0380000,0x00000000f0380000,0x00000000f7680000)
 ParOldGen       total 495104K, used 381287K [0x0000000080000000, 0x000000009e380000, 0x00000000d5580000)
  object space 495104K, 77% used [0x0000000080000000,0x0000000097459fa0,0x000000009e380000)
 Metaspace       used 6401K, capacity 7280K, committed 7552K, reserved 1056768K
  class space    used 582K, capacity 616K, committed 640K, reserved 1048576K
}
Event: 126.927 GC heap before
{Heap before GC invocations=26 (full 5):
 PSYoungGen      total 534016K, used 534015K [0x00000000d5580000, 0x0000000100000000, 0x0000000100000000)
  eden space 440320K, 100% used [0x00000000d5580000,0x00000000f0380000,0x00000000f0380000)
  from space 93696K, 99% used [0x00000000f7680000,0x00000000fd1ffc30,0x00000000fd200000)
  to   space 117760K, 0% used [0x00000000f0380000,0x00000000f0380000,0x00000000f7680000)
 ParOldGen       total 495104K, used 381287K [0x0000000080000000, 0x000000009e380000, 0x00000000d5580000)
  object space 495104K, 77% used [0x0000000080000000,0x0000000097459fa0,0x000000009e380000)
 Metaspace       used 6402K, capacity 7280K, committed 7552K, reserved 1056768K
  class space    used 582K, capacity 616K, committed 640K, reserved 1048576K
Event: 145.054 GC heap after
Heap after GC invocations=26 (full 5):
 PSYoungGen      total 558080K, used 77644K [0x00000000d5580000, 0x0000000100000000, 0x0000000100000000)
  eden space 440320K, 0% used [0x00000000d5580000,0x00000000d5580000,0x00000000f0380000)
  from space 117760K, 65% used [0x00000000f0380000,0x00000000f4f531b0,0x00000000f7680000)
  to   space 122368K, 0% used [0x00000000f8880000,0x00000000f8880000,0x0000000100000000)
 ParOldGen       total 495104K, used 475507K [0x0000000080000000, 0x000000009e380000, 0x00000000d5580000)
  object space 495104K, 96% used [0x0000000080000000,0x000000009d05cc60,0x000000009e380000)
 Metaspace       used 6402K, capacity 7280K, committed 7552K, reserved 1056768K
  class space    used 582K, capacity 616K, committed 640K, reserved 1048576K
}
Event: 147.813 GC heap before
{Heap before GC invocations=27 (full 6):
 PSYoungGen      total 558080K, used 77644K [0x00000000d5580000, 0x0000000100000000, 0x0000000100000000)
  eden space 440320K, 0% used [0x00000000d5580000,0x00000000d5580000,0x00000000f0380000)
  from space 117760K, 65% used [0x00000000f0380000,0x00000000f4f531b0,0x00000000f7680000)
  to   space 122368K, 0% used [0x00000000f8880000,0x00000000f8880000,0x0000000100000000)
 ParOldGen       total 495104K, used 475507K [0x0000000080000000, 0x000000009e380000, 0x00000000d5580000)
  object space 495104K, 96% used [0x0000000080000000,0x000000009d05cc60,0x000000009e380000)
 Metaspace       used 6402K, capacity 7280K, committed 7552K, reserved 1056768K
  class space    used 582K, capacity 616K, committed 640K, reserved 1048576K

