# JRE version: OpenJDK Runtime Environment (8.0_76-b03) (build 1.8.0_76-release-b03)
# Java VM: OpenJDK 64-Bit Server VM (25.76-b03 mixed mode linux-amd64 compressed oops)
Heap:
 PSYoungGen      total 445952K, used 108628K [0x00000000d5580000, 0x0000000100000000, 0x0000000100000000)
  eden space 276992K, 0% used [0x00000000d5580000,0x00000000d5580000,0x00000000e6400000)
  from space 168960K, 64% used [0x00000000f5b00000,0x00000000fc515290,0x0000000100000000)
  to   space 210944K, 0% used [0x00000000e6400000,0x00000000e6400000,0x00000000f3200000)
 ParOldGen       total 506368K, used 505957K [0x0000000080000000, 0x000000009ee80000, 0x00000000d5580000)
  object space 506368K, 99% used [0x0000000080000000,0x000000009ee194d0,0x000000009ee80000)
 Metaspace       used 6400K, capacity 7280K, committed 7552K, reserved 1056768K
  class space    used 582K, capacity 616K, committed 640K, reserved 1048576K
GC Heap History (10 events):
Event: 21.118 GC heap after
Heap after GC invocations=25 (full 5):
 PSYoungGen      total 479744K, used 46840K [0x00000000d5580000, 0x00000000fba80000, 0x0000000100000000)
  eden space 359424K, 0% used [0x00000000d5580000,0x00000000d5580000,0x00000000eb480000)
  from space 120320K, 38% used [0x00000000f3200000,0x00000000f5fbe2a8,0x00000000fa780000)
  to   space 128512K, 0% used [0x00000000eb480000,0x00000000eb480000,0x00000000f3200000)
 ParOldGen       total 500736K, used 345930K [0x0000000080000000, 0x000000009e900000, 0x00000000d5580000)
  object space 500736K, 69% used [0x0000000080000000,0x00000000951d2960,0x000000009e900000)
 Metaspace       used 6389K, capacity 7280K, committed 7552K, reserved 1056768K
  class space    used 581K, capacity 616K, committed 640K, reserved 1048576K
}
Event: 26.405 GC heap before
{Heap before GC invocations=26 (full 5):
 PSYoungGen      total 479744K, used 406264K [0x00000000d5580000, 0x00000000fba80000, 0x0000000100000000)
  eden space 359424K, 100% used [0x00000000d5580000,0x00000000eb480000,0x00000000eb480000)
  from space 120320K, 38% used [0x00000000f3200000,0x00000000f5fbe2a8,0x00000000fa780000)
  to   space 128512K, 0% used [0x00000000eb480000,0x00000000eb480000,0x00000000f3200000)
 ParOldGen       total 500736K, used 345930K [0x0000000080000000, 0x000000009e900000, 0x00000000d5580000)
  object space 500736K, 69% used [0x0000000080000000,0x00000000951d2960,0x000000009e900000)
 Metaspace       used 6390K, capacity 7280K, committed 7552K, reserved 1056768K
  class space    used 581K, capacity 616K, committed 640K, reserved 1048576K
Event: 26.605 GC heap after
Heap after GC invocations=26 (full 5):
 PSYoungGen      total 487936K, used 99369K [0x00000000d5580000, 0x00000000fef80000, 0x0000000100000000)
  eden space 359424K, 0% used [0x00000000d5580000,0x00000000d5580000,0x00000000eb480000)
  from space 128512K, 77% used [0x00000000eb480000,0x00000000f158a6b0,0x00000000f3200000)
  to   space 139264K, 0% used [0x00000000f6780000,0x00000000f6780000,0x00000000fef80000)
 ParOldGen       total 500736K, used 345930K [0x0000000080000000, 0x000000009e900000, 0x00000000d5580000)
  object space 500736K, 69% used [0x0000000080000000,0x00000000951d2960,0x000000009e900000)
 Metaspace       used 6390K, capacity 7280K, committed 7552K, reserved 1056768K
  class space    used 581K, capacity 616K, committed 640K, reserved 1048576K
}
Event: 29.338 GC heap before
{Heap before GC invocations=27 (full 5):
 PSYoungGen      total 487936K, used 458793K [0x00000000d5580000, 0x00000000fef80000, 0x0000000100000000)
  eden space 359424K, 100% used [0x00000000d5580000,0x00000000eb480000,0x00000000eb480000)
  from space 128512K, 77% used [0x00000000eb480000,0x00000000f158a6b0,0x00000000f3200000)
  to   space 139264K, 0% used [0x00000000f6780000,0x00000000f6780000,0x00000000fef80000)
 ParOldGen       total 500736K, used 345930K [0x0000000080000000, 0x000000009e900000, 0x00000000d5580000)
  object space 500736K, 69% used [0x0000000080000000,0x00000000951d2960,0x000000009e900000)
 Metaspace       used 6393K, capacity 7280K, committed 7552K, reserved 1056768K
  class space    used 582K, capacity 616K, committed 640K, reserved 1048576K
Event: 46.966 GC heap after
Heap after GC invocations=27 (full 5):
 PSYoungGen      total 500224K, used 139257K [0x00000000d5580000, 0x0000000100000000, 0x0000000100000000)
  eden space 360960K, 0% used [0x00000000d5580000,0x00000000d5580000,0x00000000eb600000)
  from space 139264K, 99% used [0x00000000f6780000,0x00000000fef7e570,0x00000000fef80000)
  to   space 168960K, 0% used [0x00000000eb600000,0x00000000eb600000,0x00000000f5b00000)
 ParOldGen       total 500736K, used 363809K [0x0000000080000000, 0x000000009e900000, 0x00000000d5580000)
  object space 500736K, 72% used [0x0000000080000000,0x0000000096348798,0x000000009e900000)
 Metaspace       used 6393K, capacity 7280K, committed 7552K, reserved 1056768K
  class space    used 582K, capacity 616K, committed 640K, reserved 1048576K
}
Event: 50.957 GC heap before
{Heap before GC invocations=28 (full 5):
 PSYoungGen      total 500224K, used 500217K [0x00000000d5580000, 0x0000000100000000, 0x0000000100000000)
  eden space 360960K, 100% used [0x00000000d5580000,0x00000000eb600000,0x00000000eb600000)
  from space 139264K, 99% used [0x00000000f6780000,0x00000000fef7e570,0x00000000fef80000)
  to   space 168960K, 0% used [0x00000000eb600000,0x00000000eb600000,0x00000000f5b00000)
 ParOldGen       total 500736K, used 363809K [0x0000000080000000, 0x000000009e900000, 0x00000000d5580000)
  object space 500736K, 72% used [0x0000000080000000,0x0000000096348798,0x000000009e900000)
 Metaspace       used 6395K, capacity 7280K, committed 7552K, reserved 1056768K
  class space    used 582K, capacity 616K, committed 640K, reserved 1048576K
Event: 51.254 GC heap after
Heap after GC invocations=28 (full 5):
 PSYoungGen      total 529920K, used 168930K [0x00000000d5580000, 0x0000000100000000, 0x0000000100000000)
  eden space 360960K, 0% used [0x00000000d5580000,0x00000000d5580000,0x00000000eb600000)
  from space 168960K, 99% used [0x00000000eb600000,0x00000000f5af8958,0x00000000f5b00000)
  to   space 168960K, 0% used [0x00000000f5b00000,0x00000000f5b00000,0x0000000100000000)
 ParOldGen       total 500736K, used 397305K [0x0000000080000000, 0x000000009e900000, 0x00000000d5580000)
  object space 500736K, 79% used [0x0000000080000000,0x00000000983fe4d8,0x000000009e900000)
 Metaspace       used 6395K, capacity 7280K, committed 7552K, reserved 1056768K
  class space    used 582K, capacity 616K, committed 640K, reserved 1048576K
}
Event: 64.074 GC heap before
{Heap before GC invocations=29 (full 5):
 PSYoungGen      total 529920K, used 529890K [0x00000000d5580000, 0x0000000100000000, 0x0000000100000000)
  eden space 360960K, 100% used [0x00000000d5580000,0x00000000eb600000,0x00000000eb600000)
  from space 168960K, 99% used [0x00000000eb600000,0x00000000f5af8958,0x00000000f5b00000)
  to   space 168960K, 0% used [0x00000000f5b00000,0x00000000f5b00000,0x0000000100000000)
 ParOldGen       total 500736K, used 397305K [0x0000000080000000, 0x000000009e900000, 0x00000000d5580000)
  object space 500736K, 79% used [0x0000000080000000,0x00000000983fe4d8,0x000000009e900000)
 Metaspace       used 6400K, capacity 7280K, committed 7552K, reserved 1056768K
  class space    used 582K, capacity 616K, committed 640K, reserved 1048576K
Event: 80.627 GC heap after
Heap after GC invocations=29 (full 5):
 PSYoungGen      total 445952K, used 116325K [0x00000000d5580000, 0x0000000100000000, 0x0000000100000000)
  eden space 276992K, 0% used [0x00000000d5580000,0x00000000d5580000,0x00000000e6400000)
  from space 168960K, 68% used [0x00000000f5b00000,0x00000000fcc995c8,0x0000000100000000)
  to   space 210944K, 0% used [0x00000000e6400000,0x00000000e6400000,0x00000000f3200000)
 ParOldGen       total 506368K, used 506097K [0x0000000080000000, 0x000000009ee80000, 0x00000000d5580000)
  object space 506368K, 99% used [0x0000000080000000,0x000000009ee3c780,0x000000009ee80000)
 Metaspace       used 6400K, capacity 7280K, committed 7552K, reserved 1056768K
  class space    used 582K, capacity 616K, committed 640K, reserved 1048576K
}
Event: 81.010 GC heap before
{Heap before GC invocations=30 (full 6):
 PSYoungGen      total 445952K, used 116325K [0x00000000d5580000, 0x0000000100000000, 0x0000000100000000)
  eden space 276992K, 0% used [0x00000000d5580000,0x00000000d5580000,0x00000000e6400000)
  from space 168960K, 68% used [0x00000000f5b00000,0x00000000fcc995c8,0x0000000100000000)
  to   space 210944K, 0% used [0x00000000e6400000,0x00000000e6400000,0x00000000f3200000)
 ParOldGen       total 506368K, used 506097K [0x0000000080000000, 0x000000009ee80000, 0x00000000d5580000)
  object space 506368K, 99% used [0x0000000080000000,0x000000009ee3c780,0x000000009ee80000)
 Metaspace       used 6400K, capacity 7280K, committed 7552K, reserved 1056768K
  class space    used 582K, capacity 616K, committed 640K, reserved 1048576K

