# JRE version: OpenJDK Runtime Environment (8.0_76-b03) (build 1.8.0_76-release-b03)
# Java VM: OpenJDK 64-Bit Server VM (25.76-b03 mixed mode linux-amd64 compressed oops)
Heap:
 PSYoungGen      total 581120K, used 25781K [0x00000000d5580000, 0x0000000100000000, 0x0000000100000000)
  eden space 474624K, 0% used [0x00000000d5580000,0x00000000d5580000,0x00000000f2500000)
  from space 106496K, 24% used [0x00000000f9800000,0x00000000fb12d4b8,0x0000000100000000)
  to   space 112128K, 0% used [0x00000000f2500000,0x00000000f2500000,0x00000000f9280000)
 ParOldGen       total 396800K, used 396536K [0x0000000080000000, 0x0000000098380000, 0x00000000d5580000)
  object space 396800K, 99% used [0x0000000080000000,0x000000009833e228,0x0000000098380000)
 Metaspace       used 6434K, capacity 7280K, committed 7552K, reserved 1056768K
  class space    used 584K, capacity 616K, committed 640K, reserved 1048576K
GC Heap History (10 events):
Event: 40.203 GC heap after
Heap after GC invocations=19 (full 4):
 PSYoungGen      total 425472K, used 20997K [0x00000000d5580000, 0x00000000fb700000, 0x0000000100000000)
  eden space 367104K, 0% used [0x00000000d5580000,0x00000000d5580000,0x00000000ebc00000)
  from space 58368K, 35% used [0x00000000ebc00000,0x00000000ed0816e0,0x00000000ef500000)
  to   space 62464K, 0% used [0x00000000f7a00000,0x00000000f7a00000,0x00000000fb700000)
 ParOldGen       total 289280K, used 202975K [0x0000000080000000, 0x0000000091a80000, 0x00000000d5580000)
  object space 289280K, 70% used [0x0000000080000000,0x000000008c637e10,0x0000000091a80000)
 Metaspace       used 6404K, capacity 7280K, committed 7552K, reserved 1056768K
  class space    used 584K, capacity 616K, committed 640K, reserved 1048576K
}
Event: 42.260 GC heap before
{Heap before GC invocations=20 (full 4):
 PSYoungGen      total 425472K, used 388101K [0x00000000d5580000, 0x00000000fb700000, 0x0000000100000000)
  eden space 367104K, 100% used [0x00000000d5580000,0x00000000ebc00000,0x00000000ebc00000)
  from space 58368K, 35% used [0x00000000ebc00000,0x00000000ed0816e0,0x00000000ef500000)
  to   space 62464K, 0% used [0x00000000f7a00000,0x00000000f7a00000,0x00000000fb700000)
 ParOldGen       total 289280K, used 202975K [0x0000000080000000, 0x0000000091a80000, 0x00000000d5580000)
  object space 289280K, 70% used [0x0000000080000000,0x000000008c637e10,0x0000000091a80000)
 Metaspace       used 6409K, capacity 7280K, committed 7552K, reserved 1056768K
  class space    used 584K, capacity 616K, committed 640K, reserved 1048576K
Event: 48.982 GC heap after
Heap after GC invocations=20 (full 4):
 PSYoungGen      total 552960K, used 56881K [0x00000000d5580000, 0x00000000fde80000, 0x0000000100000000)
  eden space 490496K, 0% used [0x00000000d5580000,0x00000000d5580000,0x00000000f3480000)
  from space 62464K, 91% used [0x00000000f7a00000,0x00000000fb18c5c8,0x00000000fb700000)
  to   space 71168K, 0% used [0x00000000f3480000,0x00000000f3480000,0x00000000f7a00000)
 ParOldGen       total 289280K, used 222315K [0x0000000080000000, 0x0000000091a80000, 0x00000000d5580000)
  object space 289280K, 76% used [0x0000000080000000,0x000000008d91ae18,0x0000000091a80000)
 Metaspace       used 6409K, capacity 7280K, committed 7552K, reserved 1056768K
  class space    used 584K, capacity 616K, committed 640K, reserved 1048576K
}
Event: 64.332 GC heap before
{Heap before GC invocations=21 (full 4):
 PSYoungGen      total 552960K, used 547377K [0x00000000d5580000, 0x00000000fde80000, 0x0000000100000000)
  eden space 490496K, 100% used [0x00000000d5580000,0x00000000f3480000,0x00000000f3480000)
  from space 62464K, 91% used [0x00000000f7a00000,0x00000000fb18c5c8,0x00000000fb700000)
  to   space 71168K, 0% used [0x00000000f3480000,0x00000000f3480000,0x00000000f7a00000)
 ParOldGen       total 289280K, used 222315K [0x0000000080000000, 0x0000000091a80000, 0x00000000d5580000)
  object space 289280K, 76% used [0x0000000080000000,0x000000008d91ae18,0x0000000091a80000)
 Metaspace       used 6430K, capacity 7280K, committed 7552K, reserved 1056768K
  class space    used 584K, capacity 616K, committed 640K, reserved 1048576K
Event: 80.941 GC heap after
Heap after GC invocations=21 (full 4):
 PSYoungGen      total 561664K, used 71148K [0x00000000d5580000, 0x0000000100000000, 0x0000000100000000)
  eden space 490496K, 0% used [0x00000000d5580000,0x00000000d5580000,0x00000000f3480000)
  from space 71168K, 99% used [0x00000000f3480000,0x00000000f79fb290,0x00000000f7a00000)
  to   space 106496K, 0% used [0x00000000f9800000,0x00000000f9800000,0x0000000100000000)
 ParOldGen       total 289280K, used 285739K [0x0000000080000000, 0x0000000091a80000, 0x00000000d5580000)
  object space 289280K, 98% used [0x0000000080000000,0x000000009170ae18,0x0000000091a80000)
 Metaspace       used 6430K, capacity 7280K, committed 7552K, reserved 1056768K
  class space    used 584K, capacity 616K, committed 640K, reserved 1048576K
}
Event: 80.941 GC heap before
{Heap before GC invocations=22 (full 5):
 PSYoungGen      total 561664K, used 71148K [0x00000000d5580000, 0x0000000100000000, 0x0000000100000000)
  eden space 490496K, 0% used [0x00000000d5580000,0x00000000d5580000,0x00000000f3480000)
  from space 71168K, 99% used [0x00000000f3480000,0x00000000f79fb290,0x00000000f7a00000)
  to   space 106496K, 0% used [0x00000000f9800000,0x00000000f9800000,0x0000000100000000)
 ParOldGen       total 289280K, used 285739K [0x0000000080000000, 0x0000000091a80000, 0x00000000d5580000)
  object space 289280K, 98% used [0x0000000080000000,0x000000009170ae18,0x0000000091a80000)
 Metaspace       used 6430K, capacity 7280K, committed 7552K, reserved 1056768K
  class space    used 584K, capacity 616K, committed 640K, reserved 1048576K
Event: 84.441 GC heap after
Heap after GC invocations=22 (full 5):
 PSYoungGen      total 561664K, used 65305K [0x00000000d5580000, 0x0000000100000000, 0x0000000100000000)
  eden space 490496K, 0% used [0x00000000d5580000,0x00000000d5580000,0x00000000f3480000)
  from space 71168K, 91% used [0x00000000f3480000,0x00000000f74465e8,0x00000000f7a00000)
  to   space 106496K, 0% used [0x00000000f9800000,0x00000000f9800000,0x0000000100000000)
 ParOldGen       total 396800K, used 289038K [0x0000000080000000, 0x0000000098380000, 0x00000000d5580000)
  object space 396800K, 72% used [0x0000000080000000,0x0000000091a43b00,0x0000000098380000)
 Metaspace       used 6430K, capacity 7280K, committed 7552K, reserved 1056768K
  class space    used 584K, capacity 616K, committed 640K, reserved 1048576K
}
Event: 92.447 GC heap before
{Heap before GC invocations=23 (full 5):
 PSYoungGen      total 561664K, used 555801K [0x00000000d5580000, 0x0000000100000000, 0x0000000100000000)
  eden space 490496K, 100% used [0x00000000d5580000,0x00000000f3480000,0x00000000f3480000)
  from space 71168K, 91% used [0x00000000f3480000,0x00000000f74465e8,0x00000000f7a00000)
  to   space 106496K, 0% used [0x00000000f9800000,0x00000000f9800000,0x0000000100000000)
 ParOldGen       total 396800K, used 289038K [0x0000000080000000, 0x0000000098380000, 0x00000000d5580000)
  object space 396800K, 72% used [0x0000000080000000,0x0000000091a43b00,0x0000000098380000)
 Metaspace       used 6434K, capacity 7280K, committed 7552K, reserved 1056768K
  class space    used 584K, capacity 616K, committed 640K, reserved 1048576K
Event: 107.941 GC heap after
Heap after GC invocations=23 (full 5):
 PSYoungGen      total 581120K, used 71069K [0x00000000d5580000, 0x0000000100000000, 0x0000000100000000)
  eden space 474624K, 0% used [0x00000000d5580000,0x00000000d5580000,0x00000000f2500000)
  from space 106496K, 66% used [0x00000000f9800000,0x00000000fdd67568,0x0000000100000000)
  to   space 112128K, 0% used [0x00000000f2500000,0x00000000f2500000,0x00000000f9280000)
 ParOldGen       total 396800K, used 354738K [0x0000000080000000, 0x0000000098380000, 0x00000000d5580000)
  object space 396800K, 89% used [0x0000000080000000,0x0000000095a6cb38,0x0000000098380000)
 Metaspace       used 6434K, capacity 7280K, committed 7552K, reserved 1056768K
  class space    used 584K, capacity 616K, committed 640K, reserved 1048576K
}
Event: 107.941 GC heap before
{Heap before GC invocations=24 (full 6):
 PSYoungGen      total 581120K, used 71069K [0x00000000d5580000, 0x0000000100000000, 0x0000000100000000)
  eden space 474624K, 0% used [0x00000000d5580000,0x00000000d5580000,0x00000000f2500000)
  from space 106496K, 66% used [0x00000000f9800000,0x00000000fdd67568,0x0000000100000000)
  to   space 112128K, 0% used [0x00000000f2500000,0x00000000f2500000,0x00000000f9280000)
 ParOldGen       total 396800K, used 354738K [0x0000000080000000, 0x0000000098380000, 0x00000000d5580000)
  object space 396800K, 89% used [0x0000000080000000,0x0000000095a6cb38,0x0000000098380000)
 Metaspace       used 6434K, capacity 7280K, committed 7552K, reserved 1056768K
  class space    used 584K, capacity 616K, committed 640K, reserved 1048576K

