# JRE version: OpenJDK Runtime Environment (8.0_76-b03) (build 1.8.0_76-release-b03)
# Java VM: OpenJDK 64-Bit Server VM (25.76-b03 mixed mode linux-amd64 compressed oops)
Heap:
 PSYoungGen      total 582144K, used 40609K [0x00000000d5580000, 0x0000000100000000, 0x0000000100000000)
  eden space 474624K, 0% used [0x00000000d5580000,0x00000000d5580000,0x00000000f2500000)
  from space 107520K, 37% used [0x00000000f9700000,0x00000000fbea84a8,0x0000000100000000)
  to   space 112128K, 0% used [0x00000000f2500000,0x00000000f2500000,0x00000000f9280000)
 ParOldGen       total 517632K, used 517373K [0x0000000080000000, 0x000000009f980000, 0x00000000d5580000)
  object space 517632K, 99% used [0x0000000080000000,0x000000009f93f4c0,0x000000009f980000)
 Metaspace       used 6403K, capacity 7280K, committed 7552K, reserved 1056768K
  class space    used 583K, capacity 616K, committed 640K, reserved 1048576K
GC Heap History (10 events):
Event: 26.006 GC heap after
Heap after GC invocations=23 (full 4):
 PSYoungGen      total 420864K, used 52508K [0x00000000d5580000, 0x00000000f8580000, 0x0000000100000000)
  eden space 344576K, 0% used [0x00000000d5580000,0x00000000d5580000,0x00000000ea600000)
  from space 76288K, 68% used [0x00000000ea600000,0x00000000ed947330,0x00000000ef080000)
  to   space 79872K, 0% used [0x00000000f3780000,0x00000000f3780000,0x00000000f8580000)
 ParOldGen       total 367104K, used 324606K [0x0000000080000000, 0x0000000096680000, 0x00000000d5580000)
  object space 367104K, 88% used [0x0000000080000000,0x0000000093cffb58,0x0000000096680000)
 Metaspace       used 6399K, capacity 7280K, committed 7552K, reserved 1056768K
  class space    used 583K, capacity 616K, committed 640K, reserved 1048576K
}
Event: 26.007 GC heap before
{Heap before GC invocations=24 (full 5):
 PSYoungGen      total 420864K, used 52508K [0x00000000d5580000, 0x00000000f8580000, 0x0000000100000000)
  eden space 344576K, 0% used [0x00000000d5580000,0x00000000d5580000,0x00000000ea600000)
  from space 76288K, 68% used [0x00000000ea600000,0x00000000ed947330,0x00000000ef080000)
  to   space 79872K, 0% used [0x00000000f3780000,0x00000000f3780000,0x00000000f8580000)
 ParOldGen       total 367104K, used 324606K [0x0000000080000000, 0x0000000096680000, 0x00000000d5580000)
  object space 367104K, 88% used [0x0000000080000000,0x0000000093cffb58,0x0000000096680000)
 Metaspace       used 6399K, capacity 7280K, committed 7552K, reserved 1056768K
  class space    used 583K, capacity 616K, committed 640K, reserved 1048576K
Event: 27.601 GC heap after
Heap after GC invocations=24 (full 5):
 PSYoungGen      total 420864K, used 7754K [0x00000000d5580000, 0x00000000f8580000, 0x0000000100000000)
  eden space 344576K, 0% used [0x00000000d5580000,0x00000000d5580000,0x00000000ea600000)
  from space 76288K, 10% used [0x00000000ea600000,0x00000000ead92a18,0x00000000ef080000)
  to   space 79872K, 0% used [0x00000000f3780000,0x00000000f3780000,0x00000000f8580000)
 ParOldGen       total 517632K, used 366840K [0x0000000080000000, 0x000000009f980000, 0x00000000d5580000)
  object space 517632K, 70% used [0x0000000080000000,0x000000009663e088,0x000000009f980000)
 Metaspace       used 6399K, capacity 7280K, committed 7552K, reserved 1056768K
  class space    used 583K, capacity 616K, committed 640K, reserved 1048576K
}
Event: 30.437 GC heap before
{Heap before GC invocations=25 (full 5):
 PSYoungGen      total 420864K, used 352330K [0x00000000d5580000, 0x00000000f8580000, 0x0000000100000000)
  eden space 344576K, 100% used [0x00000000d5580000,0x00000000ea600000,0x00000000ea600000)
  from space 76288K, 10% used [0x00000000ea600000,0x00000000ead92a18,0x00000000ef080000)
  to   space 79872K, 0% used [0x00000000f3780000,0x00000000f3780000,0x00000000f8580000)
 ParOldGen       total 517632K, used 366840K [0x0000000080000000, 0x000000009f980000, 0x00000000d5580000)
  object space 517632K, 70% used [0x0000000080000000,0x000000009663e088,0x000000009f980000)
 Metaspace       used 6400K, capacity 7280K, committed 7552K, reserved 1056768K
  class space    used 583K, capacity 616K, committed 640K, reserved 1048576K
Event: 32.488 GC heap after
Heap after GC invocations=25 (full 5):
 PSYoungGen      total 488448K, used 51383K [0x00000000d5580000, 0x00000000f8500000, 0x0000000100000000)
  eden space 409088K, 0% used [0x00000000d5580000,0x00000000d5580000,0x00000000ee500000)
  from space 79360K, 64% used [0x00000000f3780000,0x00000000f69adf80,0x00000000f8500000)
  to   space 81920K, 0% used [0x00000000ee500000,0x00000000ee500000,0x00000000f3500000)
 ParOldGen       total 517632K, used 373241K [0x0000000080000000, 0x000000009f980000, 0x00000000d5580000)
  object space 517632K, 72% used [0x0000000080000000,0x0000000096c7e458,0x000000009f980000)
 Metaspace       used 6400K, capacity 7280K, committed 7552K, reserved 1056768K
  class space    used 583K, capacity 616K, committed 640K, reserved 1048576K
}
Event: 38.827 GC heap before
{Heap before GC invocations=26 (full 5):
 PSYoungGen      total 488448K, used 460471K [0x00000000d5580000, 0x00000000f8500000, 0x0000000100000000)
  eden space 409088K, 100% used [0x00000000d5580000,0x00000000ee500000,0x00000000ee500000)
  from space 79360K, 64% used [0x00000000f3780000,0x00000000f69adf80,0x00000000f8500000)
  to   space 81920K, 0% used [0x00000000ee500000,0x00000000ee500000,0x00000000f3500000)
 ParOldGen       total 517632K, used 373241K [0x0000000080000000, 0x000000009f980000, 0x00000000d5580000)
  object space 517632K, 72% used [0x0000000080000000,0x0000000096c7e458,0x000000009f980000)
 Metaspace       used 6401K, capacity 7280K, committed 7552K, reserved 1056768K
  class space    used 583K, capacity 616K, committed 640K, reserved 1048576K
Event: 47.801 GC heap after
Heap after GC invocations=26 (full 5):
 PSYoungGen      total 491008K, used 81903K [0x00000000d5580000, 0x0000000100000000, 0x0000000100000000)
  eden space 409088K, 0% used [0x00000000d5580000,0x00000000d5580000,0x00000000ee500000)
  from space 81920K, 99% used [0x00000000ee500000,0x00000000f34fbc10,0x00000000f3500000)
  to   space 107520K, 0% used [0x00000000f9700000,0x00000000f9700000,0x0000000100000000)
 ParOldGen       total 517632K, used 407602K [0x0000000080000000, 0x000000009f980000, 0x00000000d5580000)
  object space 517632K, 78% used [0x0000000080000000,0x0000000098e0c8c0,0x000000009f980000)
 Metaspace       used 6401K, capacity 7280K, committed 7552K, reserved 1056768K
  class space    used 583K, capacity 616K, committed 640K, reserved 1048576K
}
Event: 50.679 GC heap before
{Heap before GC invocations=27 (full 5):
 PSYoungGen      total 491008K, used 490991K [0x00000000d5580000, 0x0000000100000000, 0x0000000100000000)
  eden space 409088K, 100% used [0x00000000d5580000,0x00000000ee500000,0x00000000ee500000)
  from space 81920K, 99% used [0x00000000ee500000,0x00000000f34fbc10,0x00000000f3500000)
  to   space 107520K, 0% used [0x00000000f9700000,0x00000000f9700000,0x0000000100000000)
 ParOldGen       total 517632K, used 407602K [0x0000000080000000, 0x000000009f980000, 0x00000000d5580000)
  object space 517632K, 78% used [0x0000000080000000,0x0000000098e0c8c0,0x000000009f980000)
 Metaspace       used 6403K, capacity 7280K, committed 7552K, reserved 1056768K
  class space    used 583K, capacity 616K, committed 640K, reserved 1048576K
Event: 63.666 GC heap after
Heap after GC invocations=27 (full 5):
 PSYoungGen      total 582144K, used 71605K [0x00000000d5580000, 0x0000000100000000, 0x0000000100000000)
  eden space 474624K, 0% used [0x00000000d5580000,0x00000000d5580000,0x00000000f2500000)
  from space 107520K, 66% used [0x00000000f9700000,0x00000000fdced4e8,0x0000000100000000)
  to   space 112128K, 0% used [0x00000000f2500000,0x00000000f2500000,0x00000000f9280000)
 ParOldGen       total 517632K, used 490004K [0x0000000080000000, 0x000000009f980000, 0x00000000d5580000)
  object space 517632K, 94% used [0x0000000080000000,0x000000009de85010,0x000000009f980000)
 Metaspace       used 6403K, capacity 7280K, committed 7552K, reserved 1056768K
  class space    used 583K, capacity 616K, committed 640K, reserved 1048576K
}
Event: 64.147 GC heap before
{Heap before GC invocations=28 (full 6):
 PSYoungGen      total 582144K, used 71605K [0x00000000d5580000, 0x0000000100000000, 0x0000000100000000)
  eden space 474624K, 0% used [0x00000000d5580000,0x00000000d5580000,0x00000000f2500000)
  from space 107520K, 66% used [0x00000000f9700000,0x00000000fdced4e8,0x0000000100000000)
  to   space 112128K, 0% used [0x00000000f2500000,0x00000000f2500000,0x00000000f9280000)
 ParOldGen       total 517632K, used 490004K [0x0000000080000000, 0x000000009f980000, 0x00000000d5580000)
  object space 517632K, 94% used [0x0000000080000000,0x000000009de85010,0x000000009f980000)
 Metaspace       used 6403K, capacity 7280K, committed 7552K, reserved 1056768K
  class space    used 583K, capacity 616K, committed 640K, reserved 1048576K

