# JRE version: OpenJDK Runtime Environment (8.0_76-b03) (build 1.8.0_76-release-b03)
# Java VM: OpenJDK 64-Bit Server VM (25.76-b03 mixed mode linux-amd64 compressed oops)
Heap:
 PSYoungGen      total 594944K, used 31848K [0x00000000d5580000, 0x0000000100000000, 0x0000000100000000)
  eden space 509440K, 0% used [0x00000000d5580000,0x00000000d5580000,0x00000000f4700000)
  from space 85504K, 37% used [0x00000000fac80000,0x00000000fcb9a3f8,0x0000000100000000)
  to   space 94720K, 0% used [0x00000000f4700000,0x00000000f4700000,0x00000000fa380000)
 ParOldGen       total 454144K, used 454109K [0x0000000080000000, 0x000000009bb80000, 0x00000000d5580000)
  object space 454144K, 99% used [0x0000000080000000,0x000000009bb77550,0x000000009bb80000)
 Metaspace       used 6388K, capacity 7280K, committed 7552K, reserved 1056768K
  class space    used 582K, capacity 616K, committed 640K, reserved 1048576K
GC Heap History (10 events):
Event: 102.920 GC heap after
Heap after GC invocations=21 (full 4):
 PSYoungGen      total 427520K, used 58474K [0x00000000d5580000, 0x00000000f9b00000, 0x0000000100000000)
  eden space 368128K, 0% used [0x00000000d5580000,0x00000000d5580000,0x00000000ebd00000)
  from space 59392K, 98% used [0x00000000ebd00000,0x00000000ef61aa40,0x00000000ef700000)
  to   space 69120K, 0% used [0x00000000f5780000,0x00000000f5780000,0x00000000f9b00000)
 ParOldGen       total 331264K, used 239590K [0x0000000080000000, 0x0000000094380000, 0x00000000d5580000)
  object space 331264K, 72% used [0x0000000080000000,0x000000008e9f9928,0x0000000094380000)
 Metaspace       used 6369K, capacity 7280K, committed 7552K, reserved 1056768K
  class space    used 582K, capacity 616K, committed 640K, reserved 1048576K
}
Event: 115.141 GC heap before
{Heap before GC invocations=22 (full 4):
 PSYoungGen      total 427520K, used 426602K [0x00000000d5580000, 0x00000000f9b00000, 0x0000000100000000)
  eden space 368128K, 100% used [0x00000000d5580000,0x00000000ebd00000,0x00000000ebd00000)
  from space 59392K, 98% used [0x00000000ebd00000,0x00000000ef61aa40,0x00000000ef700000)
  to   space 69120K, 0% used [0x00000000f5780000,0x00000000f5780000,0x00000000f9b00000)
 ParOldGen       total 331264K, used 239590K [0x0000000080000000, 0x0000000094380000, 0x00000000d5580000)
  object space 331264K, 72% used [0x0000000080000000,0x000000008e9f9928,0x0000000094380000)
 Metaspace       used 6383K, capacity 7280K, committed 7552K, reserved 1056768K
  class space    used 582K, capacity 616K, committed 640K, reserved 1048576K
Event: 122.461 GC heap after
Heap after GC invocations=22 (full 4):
 PSYoungGen      total 518144K, used 60816K [0x00000000d5580000, 0x00000000fb280000, 0x0000000100000000)
  eden space 449024K, 0% used [0x00000000d5580000,0x00000000d5580000,0x00000000f0c00000)
  from space 69120K, 87% used [0x00000000f5780000,0x00000000f92e40c8,0x00000000f9b00000)
  to   space 77312K, 0% used [0x00000000f0c00000,0x00000000f0c00000,0x00000000f5780000)
 ParOldGen       total 331264K, used 295214K [0x0000000080000000, 0x0000000094380000, 0x00000000d5580000)
  object space 331264K, 89% used [0x0000000080000000,0x000000009204b9c8,0x0000000094380000)
 Metaspace       used 6383K, capacity 7280K, committed 7552K, reserved 1056768K
  class space    used 582K, capacity 616K, committed 640K, reserved 1048576K
}
Event: 122.461 GC heap before
{Heap before GC invocations=23 (full 5):
 PSYoungGen      total 518144K, used 60816K [0x00000000d5580000, 0x00000000fb280000, 0x0000000100000000)
  eden space 449024K, 0% used [0x00000000d5580000,0x00000000d5580000,0x00000000f0c00000)
  from space 69120K, 87% used [0x00000000f5780000,0x00000000f92e40c8,0x00000000f9b00000)
  to   space 77312K, 0% used [0x00000000f0c00000,0x00000000f0c00000,0x00000000f5780000)
 ParOldGen       total 331264K, used 295214K [0x0000000080000000, 0x0000000094380000, 0x00000000d5580000)
  object space 331264K, 89% used [0x0000000080000000,0x000000009204b9c8,0x0000000094380000)
 Metaspace       used 6383K, capacity 7280K, committed 7552K, reserved 1056768K
  class space    used 582K, capacity 616K, committed 640K, reserved 1048576K
Event: 125.095 GC heap after
Heap after GC invocations=23 (full 5):
 PSYoungGen      total 518144K, used 22693K [0x00000000d5580000, 0x00000000fb280000, 0x0000000100000000)
  eden space 449024K, 0% used [0x00000000d5580000,0x00000000d5580000,0x00000000f0c00000)
  from space 69120K, 32% used [0x00000000f5780000,0x00000000f6da96d8,0x00000000f9b00000)
  to   space 77312K, 0% used [0x00000000f0c00000,0x00000000f0c00000,0x00000000f5780000)
 ParOldGen       total 454144K, used 330957K [0x0000000080000000, 0x000000009bb80000, 0x00000000d5580000)
  object space 454144K, 72% used [0x0000000080000000,0x0000000094333648,0x000000009bb80000)
 Metaspace       used 6383K, capacity 7280K, committed 7552K, reserved 1056768K
  class space    used 582K, capacity 616K, committed 640K, reserved 1048576K
}
Event: 129.958 GC heap before
{Heap before GC invocations=24 (full 5):
 PSYoungGen      total 518144K, used 471717K [0x00000000d5580000, 0x00000000fb280000, 0x0000000100000000)
  eden space 449024K, 100% used [0x00000000d5580000,0x00000000f0c00000,0x00000000f0c00000)
  from space 69120K, 32% used [0x00000000f5780000,0x00000000f6da96d8,0x00000000f9b00000)
  to   space 77312K, 0% used [0x00000000f0c00000,0x00000000f0c00000,0x00000000f5780000)
 ParOldGen       total 454144K, used 330957K [0x0000000080000000, 0x000000009bb80000, 0x00000000d5580000)
  object space 454144K, 72% used [0x0000000080000000,0x0000000094333648,0x000000009bb80000)
 Metaspace       used 6387K, capacity 7280K, committed 7552K, reserved 1056768K
  class space    used 582K, capacity 616K, committed 640K, reserved 1048576K
Event: 131.857 GC heap after
Heap after GC invocations=24 (full 5):
 PSYoungGen      total 526336K, used 64642K [0x00000000d5580000, 0x0000000100000000, 0x0000000100000000)
  eden space 449024K, 0% used [0x00000000d5580000,0x00000000d5580000,0x00000000f0c00000)
  from space 77312K, 83% used [0x00000000f0c00000,0x00000000f4b209b8,0x00000000f5780000)
  to   space 85504K, 0% used [0x00000000fac80000,0x00000000fac80000,0x0000000100000000)
 ParOldGen       total 454144K, used 351839K [0x0000000080000000, 0x000000009bb80000, 0x00000000d5580000)
  object space 454144K, 77% used [0x0000000080000000,0x0000000095797d50,0x000000009bb80000)
 Metaspace       used 6387K, capacity 7280K, committed 7552K, reserved 1056768K
  class space    used 582K, capacity 616K, committed 640K, reserved 1048576K
}
Event: 144.541 GC heap before
{Heap before GC invocations=25 (full 5):
 PSYoungGen      total 526336K, used 513666K [0x00000000d5580000, 0x0000000100000000, 0x0000000100000000)
  eden space 449024K, 100% used [0x00000000d5580000,0x00000000f0c00000,0x00000000f0c00000)
  from space 77312K, 83% used [0x00000000f0c00000,0x00000000f4b209b8,0x00000000f5780000)
  to   space 85504K, 0% used [0x00000000fac80000,0x00000000fac80000,0x0000000100000000)
 ParOldGen       total 454144K, used 351839K [0x0000000080000000, 0x000000009bb80000, 0x00000000d5580000)
  object space 454144K, 77% used [0x0000000080000000,0x0000000095797d50,0x000000009bb80000)
 Metaspace       used 6388K, capacity 7280K, committed 7552K, reserved 1056768K
  class space    used 582K, capacity 616K, committed 640K, reserved 1048576K
Event: 150.403 GC heap after
Heap after GC invocations=25 (full 5):
 PSYoungGen      total 594944K, used 72585K [0x00000000d5580000, 0x0000000100000000, 0x0000000100000000)
  eden space 509440K, 0% used [0x00000000d5580000,0x00000000d5580000,0x00000000f4700000)
  from space 85504K, 84% used [0x00000000fac80000,0x00000000ff362580,0x0000000100000000)
  to   space 94720K, 0% used [0x00000000f4700000,0x00000000f4700000,0x00000000fa380000)
 ParOldGen       total 454144K, used 414792K [0x0000000080000000, 0x000000009bb80000, 0x00000000d5580000)
  object space 454144K, 91% used [0x0000000080000000,0x0000000099512148,0x000000009bb80000)
 Metaspace       used 6388K, capacity 7280K, committed 7552K, reserved 1056768K
  class space    used 582K, capacity 616K, committed 640K, reserved 1048576K
}
Event: 150.403 GC heap before
{Heap before GC invocations=26 (full 6):
 PSYoungGen      total 594944K, used 72585K [0x00000000d5580000, 0x0000000100000000, 0x0000000100000000)
  eden space 509440K, 0% used [0x00000000d5580000,0x00000000d5580000,0x00000000f4700000)
  from space 85504K, 84% used [0x00000000fac80000,0x00000000ff362580,0x0000000100000000)
  to   space 94720K, 0% used [0x00000000f4700000,0x00000000f4700000,0x00000000fa380000)
 ParOldGen       total 454144K, used 414792K [0x0000000080000000, 0x000000009bb80000, 0x00000000d5580000)
  object space 454144K, 91% used [0x0000000080000000,0x0000000099512148,0x000000009bb80000)
 Metaspace       used 6388K, capacity 7280K, committed 7552K, reserved 1056768K
  class space    used 582K, capacity 616K, committed 640K, reserved 1048576K

