# JRE version: OpenJDK Runtime Environment (8.0_76-b03) (build 1.8.0_76-release-b03)
# Java VM: OpenJDK 64-Bit Server VM (25.76-b03 mixed mode linux-amd64 compressed oops)
Heap:
 PSYoungGen      total 509952K, used 50953K [0x00000000d5580000, 0x00000000ffd80000, 0x0000000100000000)
  eden space 324096K, 0% used [0x00000000d5580000,0x00000000d5580000,0x00000000e9200000)
  from space 185856K, 27% used [0x00000000e9200000,0x00000000ec3c24f8,0x00000000f4780000)
  to   space 183296K, 0% used [0x00000000f4a80000,0x00000000f4a80000,0x00000000ffd80000)
 ParOldGen       total 609792K, used 609391K [0x0000000080000000, 0x00000000a5380000, 0x00000000d5580000)
  object space 609792K, 99% used [0x0000000080000000,0x00000000a531bff0,0x00000000a5380000)
 Metaspace       used 6487K, capacity 7344K, committed 7552K, reserved 1056768K
  class space    used 586K, capacity 616K, committed 640K, reserved 1048576K
GC Heap History (10 events):
Event: 71.321 GC heap after
Heap after GC invocations=22 (full 4):
 PSYoungGen      total 454656K, used 132577K [0x00000000d5580000, 0x0000000100000000, 0x0000000100000000)
  eden space 322048K, 0% used [0x00000000d5580000,0x00000000d5580000,0x00000000e9000000)
  from space 132608K, 99% used [0x00000000f7e80000,0x00000000ffff8550,0x0000000100000000)
  to   space 188416K, 0% used [0x00000000e9000000,0x00000000e9000000,0x00000000f4800000)
 ParOldGen       total 432640K, used 394626K [0x0000000080000000, 0x000000009a680000, 0x00000000d5580000)
  object space 432640K, 91% used [0x0000000080000000,0x0000000098160b10,0x000000009a680000)
 Metaspace       used 6404K, capacity 7280K, committed 7552K, reserved 1056768K
  class space    used 582K, capacity 616K, committed 640K, reserved 1048576K
}
Event: 71.321 GC heap before
{Heap before GC invocations=23 (full 5):
 PSYoungGen      total 454656K, used 132577K [0x00000000d5580000, 0x0000000100000000, 0x0000000100000000)
  eden space 322048K, 0% used [0x00000000d5580000,0x00000000d5580000,0x00000000e9000000)
  from space 132608K, 99% used [0x00000000f7e80000,0x00000000ffff8550,0x0000000100000000)
  to   space 188416K, 0% used [0x00000000e9000000,0x00000000e9000000,0x00000000f4800000)
 ParOldGen       total 432640K, used 394626K [0x0000000080000000, 0x000000009a680000, 0x00000000d5580000)
  object space 432640K, 91% used [0x0000000080000000,0x0000000098160b10,0x000000009a680000)
 Metaspace       used 6404K, capacity 7280K, committed 7552K, reserved 1056768K
  class space    used 582K, capacity 616K, committed 640K, reserved 1048576K
Event: 83.016 GC heap after
Heap after GC invocations=23 (full 5):
 PSYoungGen      total 454656K, used 92301K [0x00000000d5580000, 0x0000000100000000, 0x0000000100000000)
  eden space 322048K, 0% used [0x00000000d5580000,0x00000000d5580000,0x00000000e9000000)
  from space 132608K, 69% used [0x00000000f7e80000,0x00000000fd8a3640,0x0000000100000000)
  to   space 188416K, 0% used [0x00000000e9000000,0x00000000e9000000,0x00000000f4800000)
 ParOldGen       total 609792K, used 432564K [0x0000000080000000, 0x00000000a5380000, 0x00000000d5580000)
  object space 609792K, 70% used [0x0000000080000000,0x000000009a66d390,0x00000000a5380000)
 Metaspace       used 6404K, capacity 7280K, committed 7552K, reserved 1056768K
  class space    used 582K, capacity 616K, committed 640K, reserved 1048576K
}
Event: 93.019 GC heap before
{Heap before GC invocations=24 (full 5):
 PSYoungGen      total 454656K, used 414349K [0x00000000d5580000, 0x0000000100000000, 0x0000000100000000)
  eden space 322048K, 100% used [0x00000000d5580000,0x00000000e9000000,0x00000000e9000000)
  from space 132608K, 69% used [0x00000000f7e80000,0x00000000fd8a3640,0x0000000100000000)
  to   space 188416K, 0% used [0x00000000e9000000,0x00000000e9000000,0x00000000f4800000)
 ParOldGen       total 609792K, used 432564K [0x0000000080000000, 0x00000000a5380000, 0x00000000d5580000)
  object space 609792K, 70% used [0x0000000080000000,0x000000009a66d390,0x00000000a5380000)
 Metaspace       used 6407K, capacity 7280K, committed 7552K, reserved 1056768K
  class space    used 582K, capacity 616K, committed 640K, reserved 1048576K
Event: 97.335 GC heap after
Heap after GC invocations=24 (full 5):
 PSYoungGen      total 510464K, used 95521K [0x00000000d5580000, 0x0000000100000000, 0x0000000100000000)
  eden space 322048K, 0% used [0x00000000d5580000,0x00000000d5580000,0x00000000e9000000)
  from space 188416K, 50% used [0x00000000e9000000,0x00000000eed48498,0x00000000f4800000)
  to   space 186368K, 0% used [0x00000000f4a00000,0x00000000f4a00000,0x0000000100000000)
 ParOldGen       total 609792K, used 484853K [0x0000000080000000, 0x00000000a5380000, 0x00000000d5580000)
  object space 609792K, 79% used [0x0000000080000000,0x000000009d97d410,0x00000000a5380000)
 Metaspace       used 6407K, capacity 7280K, committed 7552K, reserved 1056768K
  class space    used 582K, capacity 616K, committed 640K, reserved 1048576K
}
Event: 107.128 GC heap before
{Heap before GC invocations=25 (full 5):
 PSYoungGen      total 510464K, used 417569K [0x00000000d5580000, 0x0000000100000000, 0x0000000100000000)
  eden space 322048K, 100% used [0x00000000d5580000,0x00000000e9000000,0x00000000e9000000)
  from space 188416K, 50% used [0x00000000e9000000,0x00000000eed48498,0x00000000f4800000)
  to   space 186368K, 0% used [0x00000000f4a00000,0x00000000f4a00000,0x0000000100000000)
 ParOldGen       total 609792K, used 484853K [0x0000000080000000, 0x00000000a5380000, 0x00000000d5580000)
  object space 609792K, 79% used [0x0000000080000000,0x000000009d97d410,0x00000000a5380000)
 Metaspace       used 6408K, capacity 7280K, committed 7552K, reserved 1056768K
  class space    used 582K, capacity 616K, committed 640K, reserved 1048576K
Event: 111.064 GC heap after
Heap after GC invocations=25 (full 5):
 PSYoungGen      total 507392K, used 100833K [0x00000000d5580000, 0x00000000ffd00000, 0x0000000100000000)
  eden space 324096K, 0% used [0x00000000d5580000,0x00000000d5580000,0x00000000e9200000)
  from space 183296K, 55% used [0x00000000f4a00000,0x00000000fac78720,0x00000000ffd00000)
  to   space 185856K, 0% used [0x00000000e9200000,0x00000000e9200000,0x00000000f4780000)
 ParOldGen       total 609792K, used 525779K [0x0000000080000000, 0x00000000a5380000, 0x00000000d5580000)
  object space 609792K, 86% used [0x0000000080000000,0x00000000a0174c10,0x00000000a5380000)
 Metaspace       used 6408K, capacity 7280K, committed 7552K, reserved 1056768K
  class space    used 582K, capacity 616K, committed 640K, reserved 1048576K
}
Event: 117.858 GC heap before
{Heap before GC invocations=26 (full 5):
 PSYoungGen      total 507392K, used 424929K [0x00000000d5580000, 0x00000000ffd00000, 0x0000000100000000)
  eden space 324096K, 100% used [0x00000000d5580000,0x00000000e9200000,0x00000000e9200000)
  from space 183296K, 55% used [0x00000000f4a00000,0x00000000fac78720,0x00000000ffd00000)
  to   space 185856K, 0% used [0x00000000e9200000,0x00000000e9200000,0x00000000f4780000)
 ParOldGen       total 609792K, used 525779K [0x0000000080000000, 0x00000000a5380000, 0x00000000d5580000)
  object space 609792K, 86% used [0x0000000080000000,0x00000000a0174c10,0x00000000a5380000)
 Metaspace       used 6487K, capacity 7344K, committed 7552K, reserved 1056768K
  class space    used 586K, capacity 616K, committed 640K, reserved 1048576K
Event: 125.702 GC heap after
Heap after GC invocations=26 (full 5):
 PSYoungGen      total 509952K, used 97645K [0x00000000d5580000, 0x00000000ffd80000, 0x0000000100000000)
  eden space 324096K, 0% used [0x00000000d5580000,0x00000000d5580000,0x00000000e9200000)
  from space 185856K, 52% used [0x00000000e9200000,0x00000000ef15b770,0x00000000f4780000)
  to   space 183296K, 0% used [0x00000000f4a80000,0x00000000f4a80000,0x00000000ffd80000)
 ParOldGen       total 609792K, used 577095K [0x0000000080000000, 0x00000000a5380000, 0x00000000d5580000)
  object space 609792K, 94% used [0x0000000080000000,0x00000000a3391f98,0x00000000a5380000)
 Metaspace       used 6487K, capacity 7344K, committed 7552K, reserved 1056768K
  class space    used 586K, capacity 616K, committed 640K, reserved 1048576K
}
Event: 125.702 GC heap before
{Heap before GC invocations=27 (full 6):
 PSYoungGen      total 509952K, used 97645K [0x00000000d5580000, 0x00000000ffd80000, 0x0000000100000000)
  eden space 324096K, 0% used [0x00000000d5580000,0x00000000d5580000,0x00000000e9200000)
  from space 185856K, 52% used [0x00000000e9200000,0x00000000ef15b770,0x00000000f4780000)
  to   space 183296K, 0% used [0x00000000f4a80000,0x00000000f4a80000,0x00000000ffd80000)
 ParOldGen       total 609792K, used 577095K [0x0000000080000000, 0x00000000a5380000, 0x00000000d5580000)
  object space 609792K, 94% used [0x0000000080000000,0x00000000a3391f98,0x00000000a5380000)
 Metaspace       used 6487K, capacity 7344K, committed 7552K, reserved 1056768K
  class space    used 586K, capacity 616K, committed 640K, reserved 1048576K

