# JRE version: OpenJDK Runtime Environment (8.0_76-b03) (build 1.8.0_76-release-b03)
# Java VM: OpenJDK 64-Bit Server VM (25.76-b03 mixed mode linux-amd64 compressed oops)
Heap:
 PSYoungGen      total 500736K, used 0K [0x00000000d5580000, 0x0000000100000000, 0x0000000100000000)
  eden space 302592K, 0% used [0x00000000d5580000,0x00000000d5580000,0x00000000e7d00000)
  from space 198144K, 0% used [0x00000000e7d00000,0x00000000e7d00000,0x00000000f3e80000)
  to   space 191488K, 0% used [0x00000000f4500000,0x00000000f4500000,0x0000000100000000)
 ParOldGen       total 704512K, used 644073K [0x0000000080000000, 0x00000000ab000000, 0x00000000d5580000)
  object space 704512K, 91% used [0x0000000080000000,0x00000000a74fa4f8,0x00000000ab000000)
 Metaspace       used 6531K, capacity 7344K, committed 7552K, reserved 1056768K
  class space    used 590K, capacity 616K, committed 640K, reserved 1048576K
GC Heap History (10 events):
Event: 42.955 GC heap after
Heap after GC invocations=27 (full 5):
 PSYoungGen      total 496640K, used 140262K [0x00000000d5580000, 0x0000000100000000, 0x0000000100000000)
  eden space 356352K, 0% used [0x00000000d5580000,0x00000000d5580000,0x00000000eb180000)
  from space 140288K, 99% used [0x00000000f5580000,0x00000000fde79808,0x00000000fde80000)
  to   space 167936K, 0% used [0x00000000eb180000,0x00000000eb180000,0x00000000f5580000)
 ParOldGen       total 503808K, used 359753K [0x0000000080000000, 0x000000009ec00000, 0x00000000d5580000)
  object space 503808K, 71% used [0x0000000080000000,0x0000000095f527a8,0x000000009ec00000)
 Metaspace       used 6417K, capacity 7280K, committed 7552K, reserved 1056768K
  class space    used 584K, capacity 616K, committed 640K, reserved 1048576K
}
Event: 47.870 GC heap before
{Heap before GC invocations=28 (full 5):
 PSYoungGen      total 496640K, used 496614K [0x00000000d5580000, 0x0000000100000000, 0x0000000100000000)
  eden space 356352K, 100% used [0x00000000d5580000,0x00000000eb180000,0x00000000eb180000)
  from space 140288K, 99% used [0x00000000f5580000,0x00000000fde79808,0x00000000fde80000)
  to   space 167936K, 0% used [0x00000000eb180000,0x00000000eb180000,0x00000000f5580000)
 ParOldGen       total 503808K, used 359753K [0x0000000080000000, 0x000000009ec00000, 0x00000000d5580000)
  object space 503808K, 71% used [0x0000000080000000,0x0000000095f527a8,0x000000009ec00000)
 Metaspace       used 6420K, capacity 7280K, committed 7552K, reserved 1056768K
  class space    used 584K, capacity 616K, committed 640K, reserved 1048576K
Event: 49.469 GC heap after
Heap after GC invocations=28 (full 5):
 PSYoungGen      total 523776K, used 167259K [0x00000000d5580000, 0x0000000100000000, 0x0000000100000000)
  eden space 356352K, 0% used [0x00000000d5580000,0x00000000d5580000,0x00000000eb180000)
  from space 167424K, 99% used [0x00000000eb180000,0x00000000f54d6f80,0x00000000f5500000)
  to   space 175104K, 0% used [0x00000000f5500000,0x00000000f5500000,0x0000000100000000)
 ParOldGen       total 503808K, used 395118K [0x0000000080000000, 0x000000009ec00000, 0x00000000d5580000)
  object space 503808K, 78% used [0x0000000080000000,0x00000000981dbae0,0x000000009ec00000)
 Metaspace       used 6420K, capacity 7280K, committed 7552K, reserved 1056768K
  class space    used 584K, capacity 616K, committed 640K, reserved 1048576K
}
Event: 61.945 GC heap before
{Heap before GC invocations=29 (full 5):
 PSYoungGen      total 523776K, used 523611K [0x00000000d5580000, 0x0000000100000000, 0x0000000100000000)
  eden space 356352K, 100% used [0x00000000d5580000,0x00000000eb180000,0x00000000eb180000)
  from space 167424K, 99% used [0x00000000eb180000,0x00000000f54d6f80,0x00000000f5500000)
  to   space 175104K, 0% used [0x00000000f5500000,0x00000000f5500000,0x0000000100000000)
 ParOldGen       total 503808K, used 395118K [0x0000000080000000, 0x000000009ec00000, 0x00000000d5580000)
  object space 503808K, 78% used [0x0000000080000000,0x00000000981dbae0,0x000000009ec00000)
 Metaspace       used 6425K, capacity 7280K, committed 7552K, reserved 1056768K
  class space    used 584K, capacity 616K, committed 640K, reserved 1048576K
Event: 81.148 GC heap after
Heap after GC invocations=29 (full 5):
 PSYoungGen      total 477696K, used 114308K [0x00000000d5580000, 0x0000000100000000, 0x0000000100000000)
  eden space 302592K, 0% used [0x00000000d5580000,0x00000000d5580000,0x00000000e7d00000)
  from space 175104K, 65% used [0x00000000f5500000,0x00000000fc4a1090,0x0000000100000000)
  to   space 198144K, 0% used [0x00000000e7d00000,0x00000000e7d00000,0x00000000f3e80000)
 ParOldGen       total 503808K, used 500699K [0x0000000080000000, 0x000000009ec00000, 0x00000000d5580000)
  object space 503808K, 99% used [0x0000000080000000,0x000000009e8f6e40,0x000000009ec00000)
 Metaspace       used 6425K, capacity 7280K, committed 7552K, reserved 1056768K
  class space    used 584K, capacity 616K, committed 640K, reserved 1048576K
}
Event: 82.367 GC heap before
{Heap before GC invocations=30 (full 6):
 PSYoungGen      total 477696K, used 114308K [0x00000000d5580000, 0x0000000100000000, 0x0000000100000000)
  eden space 302592K, 0% used [0x00000000d5580000,0x00000000d5580000,0x00000000e7d00000)
  from space 175104K, 65% used [0x00000000f5500000,0x00000000fc4a1090,0x0000000100000000)
  to   space 198144K, 0% used [0x00000000e7d00000,0x00000000e7d00000,0x00000000f3e80000)
 ParOldGen       total 503808K, used 500699K [0x0000000080000000, 0x000000009ec00000, 0x00000000d5580000)
  object space 503808K, 99% used [0x0000000080000000,0x000000009e8f6e40,0x000000009ec00000)
 Metaspace       used 6425K, capacity 7280K, committed 7552K, reserved 1056768K
  class space    used 584K, capacity 616K, committed 640K, reserved 1048576K
Event: 87.262 GC heap after
Heap after GC invocations=30 (full 6):
 PSYoungGen      total 477696K, used 104659K [0x00000000d5580000, 0x0000000100000000, 0x0000000100000000)
  eden space 302592K, 0% used [0x00000000d5580000,0x00000000d5580000,0x00000000e7d00000)
  from space 175104K, 59% used [0x00000000f5500000,0x00000000fbb34c00,0x0000000100000000)
  to   space 198144K, 0% used [0x00000000e7d00000,0x00000000e7d00000,0x00000000f3e80000)
 ParOldGen       total 704512K, used 503362K [0x0000000080000000, 0x00000000ab000000, 0x00000000d5580000)
  object space 704512K, 71% used [0x0000000080000000,0x000000009eb90990,0x00000000ab000000)
 Metaspace       used 6425K, capacity 7280K, committed 7552K, reserved 1056768K
  class space    used 584K, capacity 616K, committed 640K, reserved 1048576K
}
Event: 96.206 GC heap before
{Heap before GC invocations=31 (full 6):
 PSYoungGen      total 477696K, used 407251K [0x00000000d5580000, 0x0000000100000000, 0x0000000100000000)
  eden space 302592K, 100% used [0x00000000d5580000,0x00000000e7d00000,0x00000000e7d00000)
  from space 175104K, 59% used [0x00000000f5500000,0x00000000fbb34c00,0x0000000100000000)
  to   space 198144K, 0% used [0x00000000e7d00000,0x00000000e7d00000,0x00000000f3e80000)
 ParOldGen       total 704512K, used 503362K [0x0000000080000000, 0x00000000ab000000, 0x00000000d5580000)
  object space 704512K, 71% used [0x0000000080000000,0x000000009eb90990,0x00000000ab000000)
 Metaspace       used 6531K, capacity 7344K, committed 7552K, reserved 1056768K
  class space    used 590K, capacity 616K, committed 640K, reserved 1048576K
Event: 116.116 GC heap after
Heap after GC invocations=31 (full 6):
 PSYoungGen      total 500736K, used 48504K [0x00000000d5580000, 0x0000000100000000, 0x0000000100000000)
  eden space 302592K, 0% used [0x00000000d5580000,0x00000000d5580000,0x00000000e7d00000)
  from space 198144K, 24% used [0x00000000e7d00000,0x00000000eac5e248,0x00000000f3e80000)
  to   space 191488K, 0% used [0x00000000f4500000,0x00000000f4500000,0x0000000100000000)
 ParOldGen       total 704512K, used 603996K [0x0000000080000000, 0x00000000ab000000, 0x00000000d5580000)
  object space 704512K, 85% used [0x0000000080000000,0x00000000a4dd7030,0x00000000ab000000)
 Metaspace       used 6531K, capacity 7344K, committed 7552K, reserved 1056768K
  class space    used 590K, capacity 616K, committed 640K, reserved 1048576K
}
Event: 116.116 GC heap before
{Heap before GC invocations=32 (full 7):
 PSYoungGen      total 500736K, used 48504K [0x00000000d5580000, 0x0000000100000000, 0x0000000100000000)
  eden space 302592K, 0% used [0x00000000d5580000,0x00000000d5580000,0x00000000e7d00000)
  from space 198144K, 24% used [0x00000000e7d00000,0x00000000eac5e248,0x00000000f3e80000)
  to   space 191488K, 0% used [0x00000000f4500000,0x00000000f4500000,0x0000000100000000)
 ParOldGen       total 704512K, used 603996K [0x0000000080000000, 0x00000000ab000000, 0x00000000d5580000)
  object space 704512K, 85% used [0x0000000080000000,0x00000000a4dd7030,0x00000000ab000000)
 Metaspace       used 6531K, capacity 7344K, committed 7552K, reserved 1056768K
  class space    used 590K, capacity 616K, committed 640K, reserved 1048576K

